<?xml version="1.0" encoding="UTF-8"?>
<testng-results skipped="0" failed="0" ignored="0" total="1" passed="1">
  <reporter-output>
  </reporter-output>
  <suite name="Suite" duration-ms="53266" started-at="2022-10-06T00:35:28 GMT+08:00" finished-at="2022-10-06T00:36:21 GMT+08:00">
    <groups>
    </groups>
    <test name="Test" duration-ms="53266" started-at="2022-10-06T00:35:28 GMT+08:00" finished-at="2022-10-06T00:36:21 GMT+08:00">
      <class name="tests.LoginTests">
        <test-method status="PASS" signature="beforeTest(java.lang.String)[pri:0, instance:tests.LoginTests@2833cc44]" name="beforeTest" is-config="true" duration-ms="45563" started-at="2022-10-06T00:35:28 GMT+08:00" finished-at="2022-10-06T00:36:13 GMT+08:00">
          <params>
            <param index="0">
              <value>
                <![CDATA[BrowserStack]]>
              </value>
            </param>
          </params>
          <reporter-output>
          </reporter-output>
        </test-method> <!-- beforeTest -->
        <test-method status="PASS" signature="invalidUserName()[pri:0, instance:tests.LoginTests@2833cc44]" name="invalidUserName" duration-ms="5962" started-at="2022-10-06T00:36:13 GMT+08:00" finished-at="2022-10-06T00:36:19 GMT+08:00">
          <reporter-output>
          </reporter-output>
        </test-method> <!-- invalidUserName -->
        <test-method status="PASS" signature="quit()[pri:0, instance:tests.LoginTests@2833cc44]" name="quit" is-config="true" duration-ms="1686" started-at="2022-10-06T00:36:19 GMT+08:00" finished-at="2022-10-06T00:36:21 GMT+08:00">
          <reporter-output>
          </reporter-output>
        </test-method> <!-- quit -->
      </class> <!-- tests.LoginTests -->
    </test> <!-- Test -->
  </suite> <!-- Suite -->
</testng-results>
